# JRE version: OpenJDK Runtime Environment (17.0.6) (build 17.0.6+0-b2043.56-10027231)
# Java VM: OpenJDK 64-Bit Server VM (17.0.6+0-b2043.56-10027231, mixed mode, tiered, compressed oops, compressed class ptrs, g1 gc, windows-amd64)
GC Precious Log:
 CPUs: 4 total, 4 available
 Memory: 6134M
 Large Page Support: Disabled
 NUMA Support: Disabled
 Compressed Oops: Enabled (32-bit)
 Heap Region Size: 1M
 Heap Min Capacity: 8M
 Heap Initial Capacity: 96M
 Heap Max Capacity: 1534M
 Pre-touch: Disabled
 Parallel Workers: 4
 Concurrent Workers: 1
 Concurrent Refinement Workers: 4
 Periodic GC: Disabled
Heap:
 garbage-first heap   total 186368K, used 137445K [0x00000000a0200000, 0x0000000100000000)
  region size 1024K, 30 young (30720K), 2 survivors (2048K)
 Metaspace       used 81977K, committed 82368K, reserved 1122304K
  class space    used 8890K, committed 9088K, reserved 1048576K
GC Heap History (20 events):
Event: 44.251 GC heap before
{Heap before GC invocations=44 (full 0):
 garbage-first heap   total 130048K, used 108489K [0x00000000a0200000, 0x0000000100000000)
  region size 1024K, 23 young (23552K), 2 survivors (2048K)
 Metaspace       used 67346K, committed 67648K, reserved 1114112K
  class space    used 7466K, committed 7616K, reserved 1048576K
}
Event: 44.261 GC heap after
{Heap after GC invocations=45 (full 0):
 garbage-first heap   total 130048K, used 89917K [0x00000000a0200000, 0x0000000100000000)
  region size 1024K, 2 young (2048K), 2 survivors (2048K)
 Metaspace       used 67346K, committed 67648K, reserved 1114112K
  class space    used 7466K, committed 7616K, reserved 1048576K
}
Event: 46.214 GC heap before
{Heap before GC invocations=45 (full 0):
 garbage-first heap   total 130048K, used 110397K [0x00000000a0200000, 0x0000000100000000)
  region size 1024K, 22 young (22528K), 2 survivors (2048K)
 Metaspace       used 70074K, committed 70400K, reserved 1114112K
  class space    used 7781K, committed 7936K, reserved 1048576K
}
Event: 46.224 GC heap after
{Heap after GC invocations=46 (full 0):
 garbage-first heap   total 130048K, used 92861K [0x00000000a0200000, 0x0000000100000000)
  region size 1024K, 3 young (3072K), 3 survivors (3072K)
 Metaspace       used 70074K, committed 70400K, reserved 1114112K
  class space    used 7781K, committed 7936K, reserved 1048576K
}
Event: 46.968 GC heap before
{Heap before GC invocations=46 (full 0):
 garbage-first heap   total 130048K, used 110269K [0x00000000a0200000, 0x0000000100000000)
  region size 1024K, 20 young (20480K), 3 survivors (3072K)
 Metaspace       used 70802K, committed 71104K, reserved 1114112K
  class space    used 7858K, committed 8000K, reserved 1048576K
}
Event: 46.979 GC heap after
{Heap after GC invocations=47 (full 0):
 garbage-first heap   total 130048K, used 95942K [0x00000000a0200000, 0x0000000100000000)
  region size 1024K, 3 young (3072K), 3 survivors (3072K)
 Metaspace       used 70802K, committed 71104K, reserved 1114112K
  class space    used 7858K, committed 8000K, reserved 1048576K
}
Event: 47.752 GC heap before
{Heap before GC invocations=47 (full 0):
 garbage-first heap   total 130048K, used 109254K [0x00000000a0200000, 0x0000000100000000)
  region size 1024K, 17 young (17408K), 3 survivors (3072K)
 Metaspace       used 71383K, committed 71680K, reserved 1114112K
  class space    used 7922K, committed 8064K, reserved 1048576K
}
Event: 47.762 GC heap after
{Heap after GC invocations=48 (full 0):
 garbage-first heap   total 130048K, used 98904K [0x00000000a0200000, 0x0000000100000000)
  region size 1024K, 3 young (3072K), 3 survivors (3072K)
 Metaspace       used 71383K, committed 71680K, reserved 1114112K
  class space    used 7922K, committed 8064K, reserved 1048576K
}
Event: 48.583 GC heap before
{Heap before GC invocations=48 (full 0):
 garbage-first heap   total 130048K, used 111192K [0x00000000a0200000, 0x0000000100000000)
  region size 1024K, 15 young (15360K), 3 survivors (3072K)
 Metaspace       used 71638K, committed 71936K, reserved 1114112K
  class space    used 7945K, committed 8128K, reserved 1048576K
}
Event: 48.594 GC heap after
{Heap after GC invocations=49 (full 0):
 garbage-first heap   total 130048K, used 101096K [0x00000000a0200000, 0x0000000100000000)
  region size 1024K, 2 young (2048K), 2 survivors (2048K)
 Metaspace       used 71638K, committed 71936K, reserved 1114112K
  class space    used 7945K, committed 8128K, reserved 1048576K
}
Event: 49.307 GC heap before
{Heap before GC invocations=49 (full 0):
 garbage-first heap   total 130048K, used 111336K [0x00000000a0200000, 0x0000000100000000)
  region size 1024K, 12 young (12288K), 2 survivors (2048K)
 Metaspace       used 71885K, committed 72192K, reserved 1114112K
  class space    used 7952K, committed 8128K, reserved 1048576K
}
Event: 49.319 GC heap after
{Heap after GC invocations=50 (full 0):
 garbage-first heap   total 130048K, used 106854K [0x00000000a0200000, 0x0000000100000000)
  region size 1024K, 2 young (2048K), 2 survivors (2048K)
 Metaspace       used 71885K, committed 72192K, reserved 1114112K
  class space    used 7952K, committed 8128K, reserved 1048576K
}
Event: 49.745 GC heap before
{Heap before GC invocations=50 (full 0):
 garbage-first heap   total 130048K, used 110950K [0x00000000a0200000, 0x0000000100000000)
  region size 1024K, 6 young (6144K), 2 survivors (2048K)
 Metaspace       used 72019K, committed 72320K, reserved 1114112K
  class space    used 7959K, committed 8128K, reserved 1048576K
}
Event: 49.753 GC heap after
{Heap after GC invocations=51 (full 0):
 garbage-first heap   total 156672K, used 108481K [0x00000000a0200000, 0x0000000100000000)
  region size 1024K, 1 young (1024K), 1 survivors (1024K)
 Metaspace       used 72019K, committed 72320K, reserved 1114112K
  class space    used 7959K, committed 8128K, reserved 1048576K
}
Event: 50.884 GC heap before
{Heap before GC invocations=52 (full 0):
 garbage-first heap   total 186368K, used 121793K [0x00000000a0200000, 0x0000000100000000)
  region size 1024K, 14 young (14336K), 1 survivors (1024K)
 Metaspace       used 72254K, committed 72576K, reserved 1114112K
  class space    used 7983K, committed 8128K, reserved 1048576K
}
Event: 50.894 GC heap after
{Heap after GC invocations=53 (full 0):
 garbage-first heap   total 186368K, used 110891K [0x00000000a0200000, 0x0000000100000000)
  region size 1024K, 2 young (2048K), 2 survivors (2048K)
 Metaspace       used 72254K, committed 72576K, reserved 1114112K
  class space    used 7983K, committed 8128K, reserved 1048576K
}
Event: 51.467 GC heap before
{Heap before GC invocations=53 (full 0):
 garbage-first heap   total 186368K, used 118059K [0x00000000a0200000, 0x0000000100000000)
  region size 1024K, 9 young (9216K), 2 survivors (2048K)
 Metaspace       used 72850K, committed 73216K, reserved 1114112K
  class space    used 8036K, committed 8192K, reserved 1048576K
}
Event: 51.479 GC heap after
{Heap after GC invocations=54 (full 0):
 garbage-first heap   total 186368K, used 110630K [0x00000000a0200000, 0x0000000100000000)
  region size 1024K, 1 young (1024K), 1 survivors (1024K)
 Metaspace       used 72850K, committed 73216K, reserved 1114112K
  class space    used 8036K, committed 8192K, reserved 1048576K
}
Event: 53.719 GC heap before
{Heap before GC invocations=54 (full 0):
 garbage-first heap   total 186368K, used 139302K [0x00000000a0200000, 0x0000000100000000)
  region size 1024K, 29 young (29696K), 1 survivors (1024K)
 Metaspace       used 78582K, committed 78912K, reserved 1122304K
  class space    used 8619K, committed 8768K, reserved 1048576K
}
Event: 53.726 GC heap after
{Heap after GC invocations=55 (full 0):
 garbage-first heap   total 186368K, used 109797K [0x00000000a0200000, 0x0000000100000000)
  region size 1024K, 2 young (2048K), 2 survivors (2048K)
 Metaspace       used 78582K, committed 78912K, reserved 1122304K
  class space    used 8619K, committed 8768K, reserved 1048576K
}

