# JRE version: OpenJDK Runtime Environment (17.0.6) (build 17.0.6+0-b2043.56-10027231)
# Java VM: OpenJDK 64-Bit Server VM (17.0.6+0-b2043.56-10027231, mixed mode, tiered, compressed oops, compressed class ptrs, g1 gc, windows-amd64)
GC Precious Log:
 CPUs: 4 total, 4 available
 Memory: 6134M
 Large Page Support: Disabled
 NUMA Support: Disabled
 Compressed Oops: Enabled (32-bit)
 Heap Region Size: 1M
 Heap Min Capacity: 8M
 Heap Initial Capacity: 96M
 Heap Max Capacity: 1534M
 Pre-touch: Disabled
 Parallel Workers: 4
 Concurrent Workers: 1
 Concurrent Refinement Workers: 4
 Periodic GC: Disabled
Heap:
 garbage-first heap   total 384000K, used 171637K [0x00000000a0200000, 0x0000000100000000)
  region size 1024K, 95 young (97280K), 1 survivors (1024K)
 Metaspace       used 61859K, committed 62080K, reserved 1105920K
  class space    used 6960K, committed 7040K, reserved 1048576K
GC Heap History (20 events):
Event: 6.243 GC heap before
{Heap before GC invocations=17 (full 0):
 garbage-first heap   total 93184K, used 70290K [0x00000000a0200000, 0x0000000100000000)
  region size 1024K, 32 young (32768K), 5 survivors (5120K)
 Metaspace       used 52936K, committed 53184K, reserved 1097728K
  class space    used 6241K, committed 6336K, reserved 1048576K
}
Event: 6.263 GC heap after
{Heap after GC invocations=18 (full 0):
 garbage-first heap   total 93184K, used 47613K [0x00000000a0200000, 0x0000000100000000)
  region size 1024K, 4 young (4096K), 4 survivors (4096K)
 Metaspace       used 52936K, committed 53184K, reserved 1097728K
  class space    used 6241K, committed 6336K, reserved 1048576K
}
Event: 6.791 GC heap before
{Heap before GC invocations=18 (full 0):
 garbage-first heap   total 93184K, used 71165K [0x00000000a0200000, 0x0000000100000000)
  region size 1024K, 27 young (27648K), 4 survivors (4096K)
 Metaspace       used 54721K, committed 54976K, reserved 1097728K
  class space    used 6455K, committed 6592K, reserved 1048576K
}
Event: 6.809 GC heap after
{Heap after GC invocations=19 (full 0):
 garbage-first heap   total 93184K, used 51552K [0x00000000a0200000, 0x0000000100000000)
  region size 1024K, 4 young (4096K), 4 survivors (4096K)
 Metaspace       used 54721K, committed 54976K, reserved 1097728K
  class space    used 6455K, committed 6592K, reserved 1048576K
}
Event: 7.514 GC heap before
{Heap before GC invocations=20 (full 0):
 garbage-first heap   total 93184K, used 72032K [0x00000000a0200000, 0x0000000100000000)
  region size 1024K, 24 young (24576K), 4 survivors (4096K)
 Metaspace       used 56389K, committed 56640K, reserved 1105920K
  class space    used 6610K, committed 6720K, reserved 1048576K
}
Event: 7.527 GC heap after
{Heap after GC invocations=21 (full 0):
 garbage-first heap   total 93184K, used 54551K [0x00000000a0200000, 0x0000000100000000)
  region size 1024K, 3 young (3072K), 3 survivors (3072K)
 Metaspace       used 56389K, committed 56640K, reserved 1105920K
  class space    used 6610K, committed 6720K, reserved 1048576K
}
Event: 7.580 GC heap before
{Heap before GC invocations=21 (full 0):
 garbage-first heap   total 93184K, used 55575K [0x00000000a0200000, 0x0000000100000000)
  region size 1024K, 4 young (4096K), 3 survivors (3072K)
 Metaspace       used 56479K, committed 56704K, reserved 1105920K
  class space    used 6610K, committed 6720K, reserved 1048576K
}
Event: 7.588 GC heap after
{Heap after GC invocations=22 (full 0):
 garbage-first heap   total 114688K, used 55183K [0x00000000a0200000, 0x0000000100000000)
  region size 1024K, 1 young (1024K), 1 survivors (1024K)
 Metaspace       used 56479K, committed 56704K, reserved 1105920K
  class space    used 6610K, committed 6720K, reserved 1048576K
}
Event: 8.490 GC heap before
{Heap before GC invocations=22 (full 0):
 garbage-first heap   total 114688K, used 87951K [0x00000000a0200000, 0x0000000100000000)
  region size 1024K, 33 young (33792K), 1 survivors (1024K)
 Metaspace       used 58346K, committed 58624K, reserved 1105920K
  class space    used 6724K, committed 6848K, reserved 1048576K
}
Event: 8.502 GC heap after
{Heap after GC invocations=23 (full 0):
 garbage-first heap   total 114688K, used 59226K [0x00000000a0200000, 0x0000000100000000)
  region size 1024K, 5 young (5120K), 5 survivors (5120K)
 Metaspace       used 58346K, committed 58624K, reserved 1105920K
  class space    used 6724K, committed 6848K, reserved 1048576K
}
Event: 8.710 GC heap before
{Heap before GC invocations=24 (full 0):
 garbage-first heap   total 135168K, used 90970K [0x00000000a0200000, 0x0000000100000000)
  region size 1024K, 34 young (34816K), 5 survivors (5120K)
 Metaspace       used 58351K, committed 58624K, reserved 1105920K
  class space    used 6724K, committed 6848K, reserved 1048576K
}
Event: 8.720 GC heap after
{Heap after GC invocations=25 (full 0):
 garbage-first heap   total 135168K, used 64176K [0x00000000a0200000, 0x0000000100000000)
  region size 1024K, 3 young (3072K), 3 survivors (3072K)
 Metaspace       used 58351K, committed 58624K, reserved 1105920K
  class space    used 6724K, committed 6848K, reserved 1048576K
}
Event: 8.737 GC heap before
{Heap before GC invocations=25 (full 0):
 garbage-first heap   total 135168K, used 67248K [0x00000000a0200000, 0x0000000100000000)
  region size 1024K, 6 young (6144K), 3 survivors (3072K)
 Metaspace       used 58351K, committed 58624K, reserved 1105920K
  class space    used 6724K, committed 6848K, reserved 1048576K
}
Event: 8.741 GC heap after
{Heap after GC invocations=26 (full 0):
 garbage-first heap   total 135168K, used 64226K [0x00000000a0200000, 0x0000000100000000)
  region size 1024K, 1 young (1024K), 1 survivors (1024K)
 Metaspace       used 58351K, committed 58624K, reserved 1105920K
  class space    used 6724K, committed 6848K, reserved 1048576K
}
Event: 8.898 GC heap before
{Heap before GC invocations=26 (full 0):
 garbage-first heap   total 135168K, used 104162K [0x00000000a0200000, 0x0000000100000000)
  region size 1024K, 40 young (40960K), 1 survivors (1024K)
 Metaspace       used 58364K, committed 58624K, reserved 1105920K
  class space    used 6724K, committed 6848K, reserved 1048576K
}
Event: 8.903 GC heap after
{Heap after GC invocations=27 (full 0):
 garbage-first heap   total 135168K, used 67904K [0x00000000a0200000, 0x0000000100000000)
  region size 1024K, 5 young (5120K), 5 survivors (5120K)
 Metaspace       used 58364K, committed 58624K, reserved 1105920K
  class space    used 6724K, committed 6848K, reserved 1048576K
}
Event: 9.240 GC heap before
{Heap before GC invocations=28 (full 0):
 garbage-first heap   total 168960K, used 105792K [0x00000000a0200000, 0x0000000100000000)
  region size 1024K, 42 young (43008K), 5 survivors (5120K)
 Metaspace       used 58625K, committed 58880K, reserved 1105920K
  class space    used 6733K, committed 6848K, reserved 1048576K
}
Event: 9.253 GC heap after
{Heap after GC invocations=29 (full 0):
 garbage-first heap   total 168960K, used 73387K [0x00000000a0200000, 0x0000000100000000)
  region size 1024K, 6 young (6144K), 6 survivors (6144K)
 Metaspace       used 58625K, committed 58880K, reserved 1105920K
  class space    used 6733K, committed 6848K, reserved 1048576K
}
Event: 9.332 GC heap before
{Heap before GC invocations=29 (full 0):
 garbage-first heap   total 168960K, used 75435K [0x00000000a0200000, 0x0000000100000000)
  region size 1024K, 8 young (8192K), 6 survivors (6144K)
 Metaspace       used 58739K, committed 58944K, reserved 1105920K
  class space    used 6733K, committed 6848K, reserved 1048576K
}
Event: 9.348 GC heap after
{Heap after GC invocations=30 (full 0):
 garbage-first heap   total 384000K, used 73333K [0x00000000a0200000, 0x0000000100000000)
  region size 1024K, 1 young (1024K), 1 survivors (1024K)
 Metaspace       used 58739K, committed 58944K, reserved 1105920K
  class space    used 6733K, committed 6848K, reserved 1048576K
}

